{"/Users/hoqua/Desktop/work/pets/remark-linkify/src/index.ts": {"path":"/Users/hoqua/Desktop/work/pets/remark-linkify/src/index.ts","all":false,"statementMap":{"0":{"start":{"line":1,"column":0},"end":{"line":1,"column":35}},"1":{"start":{"line":2,"column":0},"end":{"line":2,"column":41}},"6":{"start":{"line":7,"column":0},"end":{"line":7,"column":32}},"8":{"start":{"line":9,"column":0},"end":{"line":9,"column":58}},"9":{"start":{"line":10,"column":0},"end":{"line":10,"column":26}},"10":{"start":{"line":11,"column":0},"end":{"line":11,"column":10}},"11":{"start":{"line":12,"column":0},"end":{"line":12,"column":11}},"12":{"start":{"line":13,"column":0},"end":{"line":13,"column":13}},"13":{"start":{"line":14,"column":0},"end":{"line":14,"column":78}},"14":{"start":{"line":15,"column":0},"end":{"line":15,"column":12}},"15":{"start":{"line":16,"column":0},"end":{"line":16,"column":20}},"16":{"start":{"line":17,"column":0},"end":{"line":17,"column":32}},"17":{"start":{"line":18,"column":0},"end":{"line":18,"column":35}},"18":{"start":{"line":19,"column":0},"end":{"line":19,"column":44}},"19":{"start":{"line":20,"column":0},"end":{"line":20,"column":21}},"20":{"start":{"line":21,"column":0},"end":{"line":21,"column":11}},"21":{"start":{"line":22,"column":0},"end":{"line":22,"column":17}},"22":{"start":{"line":23,"column":0},"end":{"line":23,"column":9}},"24":{"start":{"line":25,"column":0},"end":{"line":25,"column":32}},"25":{"start":{"line":26,"column":0},"end":{"line":26,"column":44}},"27":{"start":{"line":28,"column":0},"end":{"line":28,"column":47}},"28":{"start":{"line":29,"column":0},"end":{"line":29,"column":17}},"29":{"start":{"line":30,"column":0},"end":{"line":30,"column":9}},"31":{"start":{"line":32,"column":0},"end":{"line":32,"column":45}},"32":{"start":{"line":33,"column":0},"end":{"line":33,"column":26}},"34":{"start":{"line":35,"column":0},"end":{"line":35,"column":38}},"35":{"start":{"line":36,"column":0},"end":{"line":36,"column":40}},"36":{"start":{"line":37,"column":0},"end":{"line":37,"column":27}},"37":{"start":{"line":38,"column":0},"end":{"line":38,"column":27}},"38":{"start":{"line":39,"column":0},"end":{"line":39,"column":56}},"39":{"start":{"line":40,"column":0},"end":{"line":40,"column":15}},"40":{"start":{"line":41,"column":0},"end":{"line":41,"column":11}},"42":{"start":{"line":43,"column":0},"end":{"line":43,"column":25}},"43":{"start":{"line":44,"column":0},"end":{"line":44,"column":25}},"44":{"start":{"line":45,"column":0},"end":{"line":45,"column":27}},"45":{"start":{"line":46,"column":0},"end":{"line":46,"column":60}},"46":{"start":{"line":47,"column":0},"end":{"line":47,"column":13}},"48":{"start":{"line":49,"column":0},"end":{"line":49,"column":38}},"49":{"start":{"line":50,"column":0},"end":{"line":50,"column":9}},"51":{"start":{"line":52,"column":0},"end":{"line":52,"column":38}},"52":{"start":{"line":53,"column":0},"end":{"line":53,"column":72}},"53":{"start":{"line":54,"column":0},"end":{"line":54,"column":9}},"55":{"start":{"line":56,"column":0},"end":{"line":56,"column":54}},"57":{"start":{"line":58,"column":0},"end":{"line":58,"column":39}},"58":{"start":{"line":59,"column":0},"end":{"line":59,"column":8}},"59":{"start":{"line":60,"column":0},"end":{"line":60,"column":6}},"60":{"start":{"line":61,"column":0},"end":{"line":61,"column":4}},"61":{"start":{"line":62,"column":0},"end":{"line":62,"column":1}}},"s":{"0":1,"1":1,"6":1,"8":1,"9":15,"10":15,"11":15,"12":15,"13":15,"14":19,"15":19,"16":19,"17":19,"18":17,"19":17,"20":19,"21":2,"22":2,"24":17,"25":17,"27":19,"28":5,"29":5,"31":12,"32":12,"34":19,"35":14,"36":14,"37":14,"38":14,"39":14,"40":14,"42":14,"43":14,"44":14,"45":14,"46":14,"48":14,"49":14,"51":19,"52":11,"53":11,"55":12,"57":12,"58":19,"59":15,"60":15,"61":15},"branchMap":{"0":{"type":"branch","line":9,"loc":{"start":{"line":9,"column":7},"end":{"line":62,"column":1}},"locations":[{"start":{"line":9,"column":7},"end":{"line":62,"column":1}}]},"1":{"type":"branch","line":10,"loc":{"start":{"line":10,"column":9},"end":{"line":61,"column":4}},"locations":[{"start":{"line":10,"column":9},"end":{"line":61,"column":4}}]},"2":{"type":"branch","line":14,"loc":{"start":{"line":14,"column":6},"end":{"line":59,"column":8}},"locations":[{"start":{"line":14,"column":6},"end":{"line":59,"column":8}}]},"3":{"type":"branch","line":18,"loc":{"start":{"line":18,"column":26},"end":{"line":19,"column":44}},"locations":[{"start":{"line":18,"column":26},"end":{"line":19,"column":44}}]},"4":{"type":"branch","line":19,"loc":{"start":{"line":19,"column":26},"end":{"line":20,"column":21}},"locations":[{"start":{"line":19,"column":26},"end":{"line":20,"column":21}}]},"5":{"type":"branch","line":21,"loc":{"start":{"line":21,"column":10},"end":{"line":23,"column":9}},"locations":[{"start":{"line":21,"column":10},"end":{"line":23,"column":9}}]},"6":{"type":"branch","line":23,"loc":{"start":{"line":23,"column":8},"end":{"line":28,"column":24}},"locations":[{"start":{"line":23,"column":8},"end":{"line":28,"column":24}}]},"7":{"type":"branch","line":28,"loc":{"start":{"line":28,"column":13},"end":{"line":28,"column":46}},"locations":[{"start":{"line":28,"column":13},"end":{"line":28,"column":46}}]},"8":{"type":"branch","line":28,"loc":{"start":{"line":28,"column":46},"end":{"line":30,"column":9}},"locations":[{"start":{"line":28,"column":46},"end":{"line":30,"column":9}}]},"9":{"type":"branch","line":30,"loc":{"start":{"line":30,"column":8},"end":{"line":35,"column":37}},"locations":[{"start":{"line":30,"column":8},"end":{"line":35,"column":37}}]},"10":{"type":"branch","line":35,"loc":{"start":{"line":35,"column":37},"end":{"line":50,"column":9}},"locations":[{"start":{"line":35,"column":37},"end":{"line":50,"column":9}}]},"11":{"type":"branch","line":50,"loc":{"start":{"line":50,"column":8},"end":{"line":52,"column":37}},"locations":[{"start":{"line":50,"column":8},"end":{"line":52,"column":37}}]},"12":{"type":"branch","line":52,"loc":{"start":{"line":52,"column":37},"end":{"line":54,"column":9}},"locations":[{"start":{"line":52,"column":37},"end":{"line":54,"column":9}}]},"13":{"type":"branch","line":54,"loc":{"start":{"line":54,"column":8},"end":{"line":58,"column":39}},"locations":[{"start":{"line":54,"column":8},"end":{"line":58,"column":39}}]}},"b":{"0":[15],"1":[15],"2":[19],"3":[17],"4":[17],"5":[2],"6":[17],"7":[12],"8":[5],"9":[12],"10":[14],"11":[12],"12":[11],"13":[12]},"fnMap":{"0":{"name":"remarkLinkify","decl":{"start":{"line":9,"column":7},"end":{"line":62,"column":1}},"loc":{"start":{"line":9,"column":7},"end":{"line":62,"column":1}},"line":9}},"f":{"0":15}}
}
